<?xml version="1.0" encoding="UTF-8"?>
<!-- Generated by org.testng.reporters.JUnitReportReporter -->
<testsuite hostname="DESKTOP-2VJHEHT" failures="0" tests="6" name="bestBuy.placeOrdeTestCases" time="175.593" errors="0" timestamp="2024-01-13T18:37:20 IST" skipped="0">
  <testcase classname="bestBuy.placeOrdeTestCases" name="testCase04" time="114.743"/>
  <system-out/>
  <testcase classname="bestBuy.placeOrdeTestCases" name="testCase02" time="20.034"/>
  <system-out/>
  <testcase classname="bestBuy.placeOrdeTestCases" name="testCase01" time="6.091"/>
  <system-out/>
  <testcase classname="bestBuy.placeOrdeTestCases" name="testCase06" time="17.017"/>
  <system-out/>
  <testcase classname="bestBuy.placeOrdeTestCases" name="testCase05" time="11.226"/>
  <system-out/>
  <testcase classname="bestBuy.placeOrdeTestCases" name="testCase03" time="6.482"/>
  <system-out/>
</testsuite> <!-- bestBuy.placeOrdeTestCases -->
