<?xml version="1.0" encoding="UTF-8"?>
<!-- Generated by org.testng.reporters.JUnitReportReporter -->
<testsuite hostname="DESKTOP-2VJHEHT" failures="0" tests="6" name="bestBuy.placeOrdeTestCases" time="129.038" errors="0" timestamp="2024-01-08T14:04:14 IST" skipped="0">
  <testcase classname="bestBuy.placeOrdeTestCases" name="testCase04" time="74.303"/>
  <system-out/>
  <testcase classname="bestBuy.placeOrdeTestCases" name="testCase02" time="19.902"/>
  <system-out/>
  <testcase classname="bestBuy.placeOrdeTestCases" name="testCase05" time="9.633"/>
  <system-out/>
  <testcase classname="bestBuy.placeOrdeTestCases" name="testCase03" time="6.041"/>
  <system-out/>
  <testcase classname="bestBuy.placeOrdeTestCases" name="testCase06" time="13.068"/>
  <system-out/>
  <testcase classname="bestBuy.placeOrdeTestCases" name="testCase01" time="6.091"/>
  <system-out/>
</testsuite> <!-- bestBuy.placeOrdeTestCases -->
