<?xml version="1.0" encoding="UTF-8"?>
<!-- Generated by org.testng.reporters.JUnitReportReporter -->
<testsuite hostname="DESKTOP-2VJHEHT" failures="0" tests="3" name="bestBuy.testCaseList" time="49.542" errors="0" timestamp="2024-01-08T11:13:00 IST" skipped="0">
  <testcase classname="bestBuy.testCaseList" name="testCase01" time="6.094"/>
  <system-out/>
  <testcase classname="bestBuy.testCaseList" name="testCase03" time="23.069"/>
  <system-out/>
  <testcase classname="bestBuy.testCaseList" name="testCase02" time="20.379"/>
  <system-out/>
</testsuite> <!-- bestBuy.testCaseList -->
