<?xml version="1.0" encoding="UTF-8"?>
<!-- Generated by org.testng.reporters.JUnitReportReporter -->
<testsuite hostname="DESKTOP-2VJHEHT" failures="0" tests="3" name="bestBuy.singUpTestCases" time="42.078" errors="0" timestamp="2024-01-08T10:20:11 IST" skipped="0">
  <testcase classname="bestBuy.singUpTestCases" name="testCase01" time="6.081"/>
  <system-out/>
  <testcase classname="bestBuy.singUpTestCases" name="testCase03" time="20.428"/>
  <system-out/>
  <testcase classname="bestBuy.singUpTestCases" name="testCase02" time="15.569"/>
  <system-out/>
</testsuite> <!-- bestBuy.singUpTestCases -->
