<?xml version="1.0" encoding="UTF-8"?>
<!-- Generated by org.testng.reporters.JUnitReportReporter -->
<testsuite hostname="DESKTOP-2VJHEHT" failures="0" tests="3" name="bestBuy.testCaseList" time="61.621" errors="0" timestamp="2024-01-13T18:33:50 IST" skipped="0">
  <testcase classname="bestBuy.testCaseList" name="testCase01" time="6.107"/>
  <system-out/>
  <testcase classname="bestBuy.testCaseList" name="testCase03" time="24.034"/>
  <system-out/>
  <testcase classname="bestBuy.testCaseList" name="testCase02" time="31.480"/>
  <system-out/>
</testsuite> <!-- bestBuy.testCaseList -->
